<?xml version="1.0" encoding="UTF-8"?>
<testsuite name="lcmbadbm.LibraryTest" tests="1" skipped="0" failures="0" errors="0" timestamp="2021-11-17T00:43:07" hostname="YAAKOV-SIEGEL" time="0.004">
  <properties/>
  <testcase name="someLibraryMethodReturnsTrue()" classname="lcmbadbm.LibraryTest" time="0.004"/>
  <system-out><![CDATA[]]></system-out>
  <system-err><![CDATA[]]></system-err>
</testsuite>
