<?xml version="1.0" encoding="UTF-8"?>
<testsuite name="edu.touro.mco152.bm.UtilTest" tests="6" skipped="0" failures="0" errors="0" timestamp="2021-11-22T04:45:06" hostname="YAAKOV-SIEGEL" time="0.047">
  <properties/>
  <testcase name="displayString()" classname="edu.touro.mco152.bm.UtilTest" time="0.009"/>
  <testcase name="randIntError()" classname="edu.touro.mco152.bm.UtilTest" time="0.006"/>
  <testcase name="randIntLower()" classname="edu.touro.mco152.bm.UtilTest" time="0.001"/>
  <testcase name="randIntOrder()" classname="edu.touro.mco152.bm.UtilTest" time="0.003"/>
  <testcase name="randIntUpper()" classname="edu.touro.mco152.bm.UtilTest" time="0.0"/>
  <testcase name="randInt()" classname="edu.touro.mco152.bm.UtilTest" time="0.022"/>
  <system-out><![CDATA[]]></system-out>
  <system-err><![CDATA[]]></system-err>
</testsuite>
